2024-04-29 18:52:49,390 INFO:__main__:18 Starting up the Park Finder API
2024-04-29 18:52:49,401 INFO:__main__:59 Starting the server
2024-04-29 18:52:50,278 INFO:__mp_main__:18 Starting up the Park Finder API
2024-04-29 18:52:50,324 INFO:main:18 Starting up the Park Finder API
2024-04-29 18:52:50,335 INFO:main:27 Initializing database connection
2024-04-29 18:52:50,416 INFO:watchfiles.main:297 6 changes detected
2024-04-29 18:52:50,805 INFO:watchfiles.main:297 1 change detected
2024-04-29 18:52:51,256 INFO:watchfiles.main:297 1 change detected
2024-04-29 18:52:51,631 INFO:watchfiles.main:297 1 change detected
2024-04-29 18:52:52,020 INFO:watchfiles.main:297 1 change detected
2024-04-29 18:52:52,468 INFO:watchfiles.main:297 1 change detected
2024-04-29 18:52:52,857 INFO:watchfiles.main:297 1 change detected
2024-04-29 18:52:53,248 INFO:watchfiles.main:297 1 change detected
2024-04-29 18:52:53,637 INFO:watchfiles.main:297 1 change detected
2024-04-29 18:52:54,090 INFO:watchfiles.main:297 1 change detected
2024-04-29 18:52:54,468 INFO:watchfiles.main:297 1 change detected
2024-04-29 18:52:54,858 INFO:watchfiles.main:297 1 change detected
2024-04-29 18:52:55,296 INFO:watchfiles.main:297 1 change detected
2024-04-29 18:52:55,685 INFO:watchfiles.main:297 1 change detected
2024-04-29 18:52:56,074 INFO:watchfiles.main:297 1 change detected
2024-04-29 18:52:56,451 INFO:watchfiles.main:297 1 change detected
2024-04-29 18:53:12,136 INFO:__main__:18 Starting up the Park Finder API
2024-04-29 18:53:12,146 INFO:__main__:59 Starting the server
2024-04-29 18:53:13,000 INFO:__mp_main__:18 Starting up the Park Finder API
2024-04-29 18:53:13,041 INFO:main:18 Starting up the Park Finder API
2024-04-29 18:53:13,052 INFO:main:27 Initializing database connection
2024-04-29 18:53:13,155 INFO:watchfiles.main:297 6 changes detected
2024-04-29 18:53:13,530 INFO:watchfiles.main:297 1 change detected
2024-04-29 18:53:13,922 INFO:watchfiles.main:297 1 change detected
2024-04-29 18:53:14,298 INFO:watchfiles.main:297 1 change detected
2024-04-29 18:53:14,750 INFO:watchfiles.main:297 1 change detected
2024-04-29 18:53:15,139 INFO:watchfiles.main:297 1 change detected
2024-04-29 18:53:15,530 INFO:watchfiles.main:297 1 change detected
2024-04-29 18:53:15,919 INFO:watchfiles.main:297 1 change detected
2024-04-29 18:53:16,370 INFO:watchfiles.main:297 1 change detected
2024-04-29 18:53:16,757 INFO:watchfiles.main:297 1 change detected
2024-04-29 18:53:17,147 INFO:watchfiles.main:297 1 change detected
2024-04-29 18:53:17,586 INFO:watchfiles.main:297 1 change detected
2024-04-29 18:53:17,977 INFO:watchfiles.main:297 1 change detected
2024-04-29 18:53:18,367 INFO:watchfiles.main:297 1 change detected
2024-04-29 18:53:18,805 INFO:watchfiles.main:297 1 change detected
2024-04-29 18:53:19,193 INFO:watchfiles.main:297 1 change detected
2024-04-29 18:53:19,567 INFO:watchfiles.main:297 1 change detected
2024-04-29 18:53:20,019 INFO:watchfiles.main:297 1 change detected
2024-04-29 18:53:20,411 INFO:watchfiles.main:297 1 change detected
2024-04-29 18:53:20,801 INFO:watchfiles.main:297 1 change detected
2024-04-29 18:53:21,191 INFO:watchfiles.main:297 1 change detected
2024-04-29 18:54:13,870 INFO:__main__:18 Starting up the Park Finder API
2024-04-29 18:54:13,881 INFO:__main__:59 Starting the server
2024-04-29 18:54:14,747 INFO:__mp_main__:18 Starting up the Park Finder API
2024-04-29 18:54:14,788 INFO:main:18 Starting up the Park Finder API
2024-04-29 18:54:14,800 INFO:main:27 Initializing database connection
2024-04-29 18:54:19,472 INFO:routes.parkroutes:120 Retrieving park with ID: 661ed63a894d396274576b70
2024-04-29 18:54:19,475 INFO:routes.parkroutes:124 Found park: Alagnak Wild River
2024-04-29 18:54:19,689 INFO:routes.parkreview:45 Retrieving reviews for park: Alagnak Wild River
2024-04-29 18:54:19,691 INFO:routes.parkreview:48 Found 4 reviews for park: Alagnak Wild River
2024-04-29 18:54:23,480 INFO:routes.parkreview:56 User [cav2003@live.com] is posting a new review
2024-04-29 18:54:23,482 INFO:routes.parkreview:60 Review posted: dwadawdw...
2024-04-29 18:54:23,484 INFO:routes.parkreview:45 Retrieving reviews for park: Alagnak Wild River
2024-04-29 18:54:23,485 INFO:routes.parkreview:48 Found 5 reviews for park: Alagnak Wild River
2024-04-29 18:54:40,205 INFO:routes.parkroutes:135 Retrieving parks in state: AK
2024-04-29 18:54:40,207 INFO:routes.parkroutes:139 Found 19 parks in state AK
2024-04-29 18:54:40,746 INFO:routes.parkroutes:120 Retrieving park with ID: 661ed63a894d396274576b70
2024-04-29 18:54:40,747 INFO:routes.parkroutes:124 Found park: Alagnak Wild River
2024-04-29 18:54:40,773 INFO:routes.parkimageroute:52 Retrieving images for park: Alagnak Wild River
2024-04-29 18:54:40,774 ERRO:routes.parkimageroute:55 No images found for park: Alagnak Wild River
2024-04-29 18:54:42,723 INFO:routes.parkroutes:120 Retrieving park with ID: 661ed63a894d396274576b70
2024-04-29 18:54:42,724 INFO:routes.parkroutes:124 Found park: Alagnak Wild River
2024-04-29 18:54:42,753 INFO:routes.parkreview:45 Retrieving reviews for park: Alagnak Wild River
2024-04-29 18:54:42,755 INFO:routes.parkreview:48 Found 5 reviews for park: Alagnak Wild River
2024-04-29 18:54:47,855 INFO:routes.parkreview:45 Retrieving reviews for park: Alagnak Wild River
2024-04-29 18:54:47,857 INFO:routes.parkreview:48 Found 5 reviews for park: Alagnak Wild River
2024-04-29 19:08:24,038 INFO:__mp_main__:18 Starting up the Park Finder API
2024-04-29 19:08:24,078 INFO:main:18 Starting up the Park Finder API
2024-04-29 19:08:24,089 INFO:main:27 Initializing database connection
